{
  "RSpec": {
    "coverage": {
      "/home/hexvaara/Documents/Courses/rubyonrails/ratebeer/app/models/rating.rb": [
        1,
        1,
        1,
        null,
        1,
        null,
        null,
        null,
        1,
        6,
        null,
        null
      ],
      "/home/hexvaara/Documents/Courses/rubyonrails/ratebeer/app/helpers/application_helper.rb": [
        1,
        null
      ],
      "/home/hexvaara/Documents/Courses/rubyonrails/ratebeer/app/helpers/beer_clubs_helper.rb": [
        1,
        null
      ],
      "/home/hexvaara/Documents/Courses/rubyonrails/ratebeer/app/helpers/beers_helper.rb": [
        1,
        null
      ],
      "/home/hexvaara/Documents/Courses/rubyonrails/ratebeer/app/helpers/breweries_helper.rb": [
        1,
        null
      ],
      "/home/hexvaara/Documents/Courses/rubyonrails/ratebeer/app/helpers/memberships_helper.rb": [
        1,
        null
      ],
      "/home/hexvaara/Documents/Courses/rubyonrails/ratebeer/app/helpers/styles_helper.rb": [
        1,
        null
      ],
      "/home/hexvaara/Documents/Courses/rubyonrails/ratebeer/app/helpers/users_helper.rb": [
        1,
        null
      ],
      "/home/hexvaara/Documents/Courses/rubyonrails/ratebeer/app/models/beer.rb": [
        1,
        1,
        null,
        1,
        1,
        1,
        1,
        null,
        1,
        1,
        null,
        1,
        1,
        null,
        null
      ],
      "/home/hexvaara/Documents/Courses/rubyonrails/ratebeer/app/models/concerns/rating_average.rb": [
        1,
        1,
        null,
        1,
        2,
        null,
        null
      ],
      "/home/hexvaara/Documents/Courses/rubyonrails/ratebeer/app/models/beer_club.rb": [
        1,
        1,
        1,
        null
      ],
      "/home/hexvaara/Documents/Courses/rubyonrails/ratebeer/app/controllers/beer_clubs_controller.rb": [
        1,
        1,
        1,
        null,
        null,
        null,
        1,
        0,
        null,
        null,
        null,
        null,
        1,
        0,
        0,
        null,
        0,
        0,
        null,
        null,
        null,
        null,
        1,
        0,
        null,
        null,
        null,
        1,
        null,
        null,
        null,
        null,
        1,
        0,
        null,
        0,
        0,
        0,
        0,
        null,
        0,
        0,
        null,
        null,
        null,
        null,
        null,
        null,
        1,
        0,
        0,
        0,
        0,
        null,
        0,
        0,
        null,
        null,
        null,
        null,
        null,
        null,
        1,
        0,
        0,
        0,
        0,
        null,
        null,
        null,
        1,
        null,
        1,
        0,
        null,
        null,
        null,
        1,
        0,
        null,
        null
      ],
      "/home/hexvaara/Documents/Courses/rubyonrails/ratebeer/app/controllers/application_controller.rb": [
        1,
        null,
        null,
        1,
        null,
        1,
        null,
        1,
        26,
        0,
        null,
        null,
        1,
        0,
        null,
        null
      ],
      "/home/hexvaara/Documents/Courses/rubyonrails/ratebeer/app/models/brewery.rb": [
        1,
        1,
        null,
        1,
        1,
        41,
        null,
        1,
        1,
        null
      ],
      "/home/hexvaara/Documents/Courses/rubyonrails/ratebeer/app/models/user.rb": [
        1,
        1,
        null,
        1,
        null,
        1,
        1,
        1,
        1,
        null,
        1,
        null,
        null,
        1,
        null,
        1,
        null,
        1,
        4,
        3,
        null,
        null,
        1,
        4,
        3,
        null,
        null,
        7,
        null,
        null,
        10,
        null,
        null,
        1,
        4,
        3,
        null,
        null,
        10,
        null,
        null,
        13,
        null,
        null,
        1,
        20,
        null,
        null,
        1,
        21,
        null,
        null,
        1,
        9,
        42,
        null,
        9,
        null,
        null,
        1,
        12,
        60,
        null,
        12,
        null,
        null
      ],
      "/home/hexvaara/Documents/Courses/rubyonrails/ratebeer/app/models/style.rb": [
        1,
        1,
        null,
        1,
        1,
        null,
        null
      ],
      "/home/hexvaara/Documents/Courses/rubyonrails/ratebeer/app/controllers/sessions_controller.rb": [
        1,
        1,
        null,
        null,
        null,
        1,
        0,
        0,
        0,
        0,
        null,
        0,
        null,
        null,
        null,
        1,
        null,
        0,
        null,
        0,
        null,
        null
      ],
      "/home/hexvaara/Documents/Courses/rubyonrails/ratebeer/app/controllers/breweries_controller.rb": [
        1,
        1,
        1,
        null,
        null,
        null,
        1,
        3,
        null,
        null,
        null,
        null,
        1,
        null,
        null,
        null,
        1,
        0,
        null,
        null,
        null,
        1,
        null,
        null,
        null,
        null,
        1,
        0,
        null,
        0,
        0,
        0,
        0,
        null,
        0,
        0,
        null,
        null,
        null,
        null,
        null,
        null,
        1,
        0,
        0,
        0,
        0,
        null,
        0,
        0,
        null,
        null,
        null,
        null,
        null,
        null,
        1,
        0,
        0,
        0,
        0,
        null,
        null,
        null,
        1,
        null,
        null,
        1,
        0,
        null,
        null,
        null,
        1,
        0,
        null,
        null
      ],
      "/home/hexvaara/Documents/Courses/rubyonrails/ratebeer/lib/beermapping_api.rb": [
        1,
        1,
        6,
        10,
        null,
        null,
        1,
        0,
        null,
        null,
        1,
        null,
        1,
        4,
        null,
        4,
        4,
        null,
        4,
        null,
        3,
        3,
        7,
        null,
        null,
        null,
        1,
        0,
        0,
        null,
        null
      ],
      "/home/hexvaara/Documents/Courses/rubyonrails/ratebeer/app/models/place.rb": [
        1,
        1,
        null,
        1,
        null,
        1,
        0,
        null,
        null
      ],
      "/home/hexvaara/Documents/Courses/rubyonrails/ratebeer/app/controllers/places_controller.rb": [
        1,
        1,
        null,
        null,
        1,
        0,
        null,
        null,
        1,
        0,
        0,
        0,
        null,
        0,
        0,
        null,
        null,
        null
      ],
      "/home/hexvaara/Documents/Courses/rubyonrails/ratebeer/app/controllers/users_controller.rb": [
        1,
        1,
        null,
        null,
        null,
        1,
        0,
        null,
        null,
        null,
        null,
        1,
        null,
        null,
        null,
        1,
        1,
        null,
        null,
        null,
        1,
        null,
        null,
        null,
        null,
        1,
        0,
        null,
        0,
        0,
        0,
        0,
        null,
        0,
        0,
        null,
        null,
        null,
        null,
        null,
        null,
        1,
        0,
        0,
        0,
        0,
        null,
        0,
        0,
        null,
        null,
        null,
        null,
        null,
        null,
        1,
        0,
        0,
        0,
        null,
        0,
        0,
        0,
        null,
        null,
        null,
        1,
        null,
        1,
        1,
        null,
        null,
        null,
        1,
        0,
        null,
        null
      ],
      "/home/hexvaara/Documents/Courses/rubyonrails/ratebeer/app/models/membership.rb": [
        1,
        1,
        1,
        null
      ]
    },
    "timestamp": 1424479287
  }
}
